{"/Users/suzy/Desktop/woowahan/javascript-racingcar-6/src/App.js": {"path":"/Users/suzy/Desktop/woowahan/javascript-racingcar-6/src/App.js","statementMap":{"0":{"start":{"line":8,"column":17},"end":{"line":8,"column":27}},"1":{"start":{"line":9,"column":18},"end":{"line":9,"column":29}},"2":{"start":{"line":10,"column":17},"end":{"line":10,"column":44}},"3":{"start":{"line":11,"column":17},"end":{"line":11,"column":27}},"4":{"start":{"line":12,"column":17},"end":{"line":12,"column":41}},"5":{"start":{"line":13,"column":18},"end":{"line":13,"column":44}},"6":{"start":{"line":14,"column":4},"end":{"line":14,"column":33}},"7":{"start":{"line":18,"column":12},"end":{"line":18,"column":21}},"8":{"start":{"line":19,"column":0},"end":{"line":19,"column":11}}},"fnMap":{"0":{"name":"(anonymous_0)","decl":{"start":{"line":7,"column":2},"end":{"line":7,"column":3}},"loc":{"start":{"line":7,"column":15},"end":{"line":15,"column":3}},"line":7}},"branchMap":{},"s":{"0":4,"1":4,"2":4,"3":4,"4":4,"5":1,"6":1,"7":1,"8":1},"f":{"0":4},"b":{},"_coverageSchema":"1a1c01bbd47fc00a2c39e90264f33305004495a9","hash":"c9f255ece77e306c99ba9e434b2d3765f3705ab9"}
,"/Users/suzy/Desktop/woowahan/javascript-racingcar-6/src/Dice.js": {"path":"/Users/suzy/Desktop/woowahan/javascript-racingcar-6/src/Dice.js","statementMap":{"0":{"start":{"line":4,"column":22},"end":{"line":4,"column":23}},"1":{"start":{"line":5,"column":22},"end":{"line":5,"column":23}},"2":{"start":{"line":7,"column":20},"end":{"line":7,"column":78}},"3":{"start":{"line":8,"column":4},"end":{"line":8,"column":19}}},"fnMap":{"0":{"name":"(anonymous_0)","decl":{"start":{"line":6,"column":2},"end":{"line":6,"column":3}},"loc":{"start":{"line":6,"column":9},"end":{"line":9,"column":3}},"line":6}},"branchMap":{},"s":{"0":1,"1":1,"2":2,"3":2},"f":{"0":2},"b":{},"_coverageSchema":"1a1c01bbd47fc00a2c39e90264f33305004495a9","hash":"3b16aa09793ad3c4f7641fd6443f276ba5d28f9e"}
,"/Users/suzy/Desktop/woowahan/javascript-racingcar-6/src/Judge.js": {"path":"/Users/suzy/Desktop/woowahan/javascript-racingcar-6/src/Judge.js","statementMap":{"0":{"start":{"line":5,"column":19},"end":{"line":5,"column":37}},"1":{"start":{"line":6,"column":4},"end":{"line":6,"column":39}},"2":{"start":{"line":7,"column":4},"end":{"line":7,"column":11}},"3":{"start":{"line":11,"column":16},"end":{"line":11,"column":47}},"4":{"start":{"line":12,"column":19},"end":{"line":15,"column":6}},"5":{"start":{"line":13,"column":20},"end":{"line":13,"column":39}},"6":{"start":{"line":14,"column":6},"end":{"line":14,"column":27}},"7":{"start":{"line":16,"column":4},"end":{"line":16,"column":36}},"8":{"start":{"line":20,"column":14},"end":{"line":20,"column":15}},"9":{"start":{"line":21,"column":4},"end":{"line":24,"column":7}},"10":{"start":{"line":22,"column":20},"end":{"line":22,"column":39}},"11":{"start":{"line":23,"column":6},"end":{"line":23,"column":35}},"12":{"start":{"line":23,"column":23},"end":{"line":23,"column":35}},"13":{"start":{"line":25,"column":4},"end":{"line":25,"column":15}}},"fnMap":{"0":{"name":"(anonymous_0)","decl":{"start":{"line":4,"column":2},"end":{"line":4,"column":3}},"loc":{"start":{"line":4,"column":23},"end":{"line":8,"column":3}},"line":4},"1":{"name":"(anonymous_1)","decl":{"start":{"line":10,"column":2},"end":{"line":10,"column":3}},"loc":{"start":{"line":10,"column":28},"end":{"line":17,"column":3}},"line":10},"2":{"name":"(anonymous_2)","decl":{"start":{"line":12,"column":51},"end":{"line":12,"column":52}},"loc":{"start":{"line":12,"column":63},"end":{"line":15,"column":5}},"line":12},"3":{"name":"(anonymous_3)","decl":{"start":{"line":19,"column":2},"end":{"line":19,"column":3}},"loc":{"start":{"line":19,"column":29},"end":{"line":26,"column":3}},"line":19},"4":{"name":"(anonymous_4)","decl":{"start":{"line":21,"column":33},"end":{"line":21,"column":34}},"loc":{"start":{"line":21,"column":45},"end":{"line":24,"column":5}},"line":21}},"branchMap":{"0":{"loc":{"start":{"line":23,"column":6},"end":{"line":23,"column":35}},"type":"if","locations":[{"start":{"line":23,"column":6},"end":{"line":23,"column":35}},{"start":{},"end":{}}],"line":23}},"s":{"0":1,"1":1,"2":1,"3":1,"4":1,"5":2,"6":2,"7":1,"8":1,"9":1,"10":2,"11":2,"12":1,"13":1},"f":{"0":1,"1":1,"2":2,"3":1,"4":2},"b":{"0":[1,1]},"_coverageSchema":"1a1c01bbd47fc00a2c39e90264f33305004495a9","hash":"afc472c8ff1a331ef4af82806e4014345579c4ca"}
,"/Users/suzy/Desktop/woowahan/javascript-racingcar-6/src/Messages.js": {"path":"/Users/suzy/Desktop/woowahan/javascript-racingcar-6/src/Messages.js","statementMap":{"0":{"start":{"line":1,"column":29},"end":{"line":5,"column":2}},"1":{"start":{"line":7,"column":31},"end":{"line":11,"column":2}}},"fnMap":{},"branchMap":{},"s":{"0":1,"1":1},"f":{},"b":{},"_coverageSchema":"1a1c01bbd47fc00a2c39e90264f33305004495a9","hash":"9e06b58510849e1fd28609ce529caba51f81d127"}
,"/Users/suzy/Desktop/woowahan/javascript-racingcar-6/src/RacingGame.js": {"path":"/Users/suzy/Desktop/woowahan/javascript-racingcar-6/src/RacingGame.js","statementMap":{"0":{"start":{"line":5,"column":4},"end":{"line":5,"column":21}},"1":{"start":{"line":6,"column":4},"end":{"line":6,"column":23}},"2":{"start":{"line":10,"column":28},"end":{"line":10,"column":54}},"3":{"start":{"line":11,"column":22},"end":{"line":11,"column":37}},"4":{"start":{"line":12,"column":4},"end":{"line":12,"column":29}},"5":{"start":{"line":13,"column":4},"end":{"line":18,"column":5}},"6":{"start":{"line":13,"column":17},"end":{"line":13,"column":18}},"7":{"start":{"line":14,"column":21},"end":{"line":14,"column":40}},"8":{"start":{"line":15,"column":21},"end":{"line":15,"column":61}},"9":{"start":{"line":16,"column":6},"end":{"line":16,"column":27}},"10":{"start":{"line":17,"column":6},"end":{"line":17,"column":36}},"11":{"start":{"line":19,"column":4},"end":{"line":19,"column":41}},"12":{"start":{"line":23,"column":24},"end":{"line":23,"column":26}},"13":{"start":{"line":24,"column":4},"end":{"line":24,"column":50}},"14":{"start":{"line":24,"column":27},"end":{"line":24,"column":47}},"15":{"start":{"line":25,"column":4},"end":{"line":25,"column":23}},"16":{"start":{"line":29,"column":19},"end":{"line":29,"column":21}},"17":{"start":{"line":30,"column":4},"end":{"line":30,"column":60}},"18":{"start":{"line":30,"column":27},"end":{"line":30,"column":57}},"19":{"start":{"line":31,"column":4},"end":{"line":31,"column":18}},"20":{"start":{"line":35,"column":4},"end":{"line":38,"column":7}},"21":{"start":{"line":36,"column":20},"end":{"line":36,"column":31}},"22":{"start":{"line":37,"column":6},"end":{"line":37,"column":44}},"23":{"start":{"line":37,"column":22},"end":{"line":37,"column":44}},"24":{"start":{"line":39,"column":4},"end":{"line":39,"column":23}},"25":{"start":{"line":43,"column":4},"end":{"line":46,"column":7}},"26":{"start":{"line":44,"column":20},"end":{"line":44,"column":43}},"27":{"start":{"line":45,"column":6},"end":{"line":45,"column":41}},"28":{"start":{"line":47,"column":4},"end":{"line":47,"column":24}}},"fnMap":{"0":{"name":"(anonymous_0)","decl":{"start":{"line":4,"column":2},"end":{"line":4,"column":3}},"loc":{"start":{"line":4,"column":27},"end":{"line":7,"column":3}},"line":4},"1":{"name":"(anonymous_1)","decl":{"start":{"line":9,"column":2},"end":{"line":9,"column":3}},"loc":{"start":{"line":9,"column":21},"end":{"line":20,"column":3}},"line":9},"2":{"name":"(anonymous_2)","decl":{"start":{"line":22,"column":2},"end":{"line":22,"column":3}},"loc":{"start":{"line":22,"column":24},"end":{"line":26,"column":3}},"line":22},"3":{"name":"(anonymous_3)","decl":{"start":{"line":24,"column":17},"end":{"line":24,"column":18}},"loc":{"start":{"line":24,"column":27},"end":{"line":24,"column":47}},"line":24},"4":{"name":"(anonymous_4)","decl":{"start":{"line":28,"column":2},"end":{"line":28,"column":3}},"loc":{"start":{"line":28,"column":17},"end":{"line":32,"column":3}},"line":28},"5":{"name":"(anonymous_5)","decl":{"start":{"line":30,"column":17},"end":{"line":30,"column":18}},"loc":{"start":{"line":30,"column":27},"end":{"line":30,"column":57}},"line":30},"6":{"name":"(anonymous_6)","decl":{"start":{"line":34,"column":2},"end":{"line":34,"column":3}},"loc":{"start":{"line":34,"column":38},"end":{"line":40,"column":3}},"line":34},"7":{"name":"(anonymous_7)","decl":{"start":{"line":35,"column":32},"end":{"line":35,"column":33}},"loc":{"start":{"line":35,"column":41},"end":{"line":38,"column":5}},"line":35},"8":{"name":"(anonymous_8)","decl":{"start":{"line":42,"column":2},"end":{"line":42,"column":3}},"loc":{"start":{"line":42,"column":22},"end":{"line":48,"column":3}},"line":42},"9":{"name":"(anonymous_9)","decl":{"start":{"line":43,"column":32},"end":{"line":43,"column":33}},"loc":{"start":{"line":43,"column":41},"end":{"line":46,"column":5}},"line":43}},"branchMap":{"0":{"loc":{"start":{"line":37,"column":6},"end":{"line":37,"column":44}},"type":"if","locations":[{"start":{"line":37,"column":6},"end":{"line":37,"column":44}},{"start":{},"end":{}}],"line":37}},"s":{"0":4,"1":4,"2":1,"3":1,"4":1,"5":1,"6":1,"7":1,"8":1,"9":1,"10":1,"11":1,"12":1,"13":1,"14":2,"15":1,"16":1,"17":1,"18":2,"19":1,"20":1,"21":2,"22":2,"23":1,"24":1,"25":1,"26":2,"27":2,"28":1},"f":{"0":4,"1":1,"2":1,"3":2,"4":1,"5":2,"6":1,"7":2,"8":1,"9":2},"b":{"0":[1,1]},"_coverageSchema":"1a1c01bbd47fc00a2c39e90264f33305004495a9","hash":"8680f9ba68d6441ba7d22b4dd5ecb384390480c5"}
,"/Users/suzy/Desktop/woowahan/javascript-racingcar-6/src/User.js": {"path":"/Users/suzy/Desktop/woowahan/javascript-racingcar-6/src/User.js","statementMap":{"0":{"start":{"line":5,"column":31},"end":{"line":5,"column":32}},"1":{"start":{"line":8,"column":17},"end":{"line":8,"column":74}},"2":{"start":{"line":9,"column":17},"end":{"line":9,"column":32}},"3":{"start":{"line":10,"column":4},"end":{"line":14,"column":7}},"4":{"start":{"line":11,"column":6},"end":{"line":11,"column":27}},"5":{"start":{"line":12,"column":6},"end":{"line":13,"column":57}},"6":{"start":{"line":13,"column":8},"end":{"line":13,"column":57}},"7":{"start":{"line":15,"column":4},"end":{"line":15,"column":16}},"8":{"start":{"line":19,"column":17},"end":{"line":19,"column":78}},"9":{"start":{"line":20,"column":19},"end":{"line":20,"column":31}},"10":{"start":{"line":21,"column":4},"end":{"line":21,"column":79}},"11":{"start":{"line":21,"column":35},"end":{"line":21,"column":79}},"12":{"start":{"line":22,"column":4},"end":{"line":22,"column":71}},"13":{"start":{"line":22,"column":20},"end":{"line":22,"column":71}},"14":{"start":{"line":23,"column":4},"end":{"line":23,"column":18}}},"fnMap":{"0":{"name":"(anonymous_0)","decl":{"start":{"line":7,"column":2},"end":{"line":7,"column":3}},"loc":{"start":{"line":7,"column":22},"end":{"line":16,"column":3}},"line":7},"1":{"name":"(anonymous_1)","decl":{"start":{"line":10,"column":17},"end":{"line":10,"column":18}},"loc":{"start":{"line":10,"column":26},"end":{"line":14,"column":5}},"line":10},"2":{"name":"(anonymous_2)","decl":{"start":{"line":18,"column":2},"end":{"line":18,"column":3}},"loc":{"start":{"line":18,"column":24},"end":{"line":24,"column":3}},"line":18}},"branchMap":{"0":{"loc":{"start":{"line":12,"column":6},"end":{"line":13,"column":57}},"type":"if","locations":[{"start":{"line":12,"column":6},"end":{"line":13,"column":57}},{"start":{},"end":{}}],"line":12},"1":{"loc":{"start":{"line":21,"column":4},"end":{"line":21,"column":79}},"type":"if","locations":[{"start":{"line":21,"column":4},"end":{"line":21,"column":79}},{"start":{},"end":{}}],"line":21},"2":{"loc":{"start":{"line":22,"column":4},"end":{"line":22,"column":71}},"type":"if","locations":[{"start":{"line":22,"column":4},"end":{"line":22,"column":71}},{"start":{},"end":{}}],"line":22}},"s":{"0":1,"1":4,"2":3,"3":3,"4":6,"5":6,"6":2,"7":1,"8":1,"9":1,"10":1,"11":0,"12":1,"13":0,"14":1},"f":{"0":4,"1":6,"2":1},"b":{"0":[2,4],"1":[0,1],"2":[0,1]},"_coverageSchema":"1a1c01bbd47fc00a2c39e90264f33305004495a9","hash":"d667fe9936814c1dd1b971ec219ae3c6b3990a3b"}
}
