TN:
SF:src/Cars.js
FN:4,(anonymous_0)
FN:5,(anonymous_1)
FN:15,(anonymous_2)
FN:19,(anonymous_3)
FN:23,(anonymous_4)
FN:27,(anonymous_5)
FNF:6
FNH:5
FNDA:3,(anonymous_0)
FNDA:6,(anonymous_1)
FNDA:6,(anonymous_2)
FNDA:1,(anonymous_3)
FNDA:0,(anonymous_4)
FNDA:8,(anonymous_5)
DA:5,3
DA:6,6
DA:7,6
DA:16,6
DA:20,1
DA:24,0
DA:28,8
DA:29,8
LF:8
LH:7
BRF:0
BRH:0
end_of_record
TN:
SF:src/RaceRound.js
FN:5,(anonymous_0)
FN:10,(anonymous_1)
FN:14,(anonymous_2)
FN:24,(anonymous_3)
FN:28,(anonymous_4)
FN:33,(anonymous_5)
FN:46,(anonymous_6)
FNF:7
FNH:7
FNDA:3,(anonymous_0)
FNDA:3,(anonymous_1)
FNDA:14,(anonymous_2)
FNDA:3,(anonymous_3)
FNDA:1,(anonymous_4)
FNDA:2,(anonymous_5)
FNDA:10,(anonymous_6)
DA:6,3
DA:7,3
DA:11,3
DA:12,3
DA:13,3
DA:14,6
DA:15,14
DA:16,14
DA:17,8
DA:20,6
DA:25,3
DA:29,1
DA:30,1
DA:31,1
DA:33,1
DA:34,2
DA:35,2
DA:36,1
DA:39,1
DA:43,1
DA:47,10
DA:48,10
LF:22
LH:22
BRDA:16,0,0,8
BRDA:16,0,1,6
BRDA:35,1,0,1
BRDA:35,1,1,1
BRDA:36,2,0,0
BRDA:36,2,1,1
BRF:6
BRH:5
end_of_record
