TN:
SF:src\App.js
FN:2,_regeneratorRuntime
FN:3,App
FN:4,_callee
FN:4,_callee$
FN:14,_callee2
FN:14,_callee2$
FN:30,_callee3
FN:30,_callee3$
FN:44,racingResult
FNF:9
FNH:9
FNDA:3,_regeneratorRuntime
FNDA:11,App
FNDA:3,_callee
FNDA:9,_callee$
FNDA:8,_callee2
FNDA:24,_callee2$
FNDA:4,_callee3
FNDA:12,_callee3$
FNDA:1,racingResult
DA:1,1
DA:2,3
DA:3,1
DA:4,3
DA:5,3
DA:6,3
DA:7,1
DA:8,1
DA:9,2
DA:10,2
DA:11,3
DA:12,3
DA:13,3
DA:14,3
DA:15,8
DA:16,8
DA:17,1
DA:18,7
DA:19,1
DA:20,6
DA:21,6
DA:22,6
DA:23,6
DA:24,4
DA:25,2
DA:26,2
DA:27,3
DA:28,3
DA:29,3
DA:30,3
DA:31,4
DA:32,4
DA:33,1
DA:34,3
DA:35,3
DA:36,3
DA:37,3
DA:38,1
DA:39,2
DA:40,2
DA:41,3
DA:42,3
DA:43,3
DA:44,3
DA:45,1
DA:46,1
DA:47,1
DA:48,1
DA:49,1
DA:50,2
DA:51,2
DA:52,2
DA:53,1
DA:54,1
DA:55,1
DA:56,1
DA:57,1
DA:58,1
DA:59,1
DA:60,1
DA:61,1
DA:62,1
DA:63,1
LF:63
LH:63
BRDA:2,0,0,3
BRDA:3,1,0,3
BRDA:3,2,0,11
BRDA:3,3,0,3
BRDA:4,4,0,3
BRDA:4,5,0,9
BRDA:4,6,0,10
BRDA:4,7,0,3
BRDA:6,8,0,1
BRDA:7,9,0,1
BRDA:9,10,0,2
BRDA:10,11,0,1
BRDA:10,12,0,3
BRDA:13,13,0,3
BRDA:14,14,0,8
BRDA:14,15,0,24
BRDA:14,16,0,39
BRDA:14,17,0,8
BRDA:15,18,0,8
BRDA:16,19,0,7
BRDA:16,20,0,1
BRDA:17,21,0,7
BRDA:18,22,0,6
BRDA:18,23,0,1
BRDA:19,24,0,6
BRDA:23,25,0,2
BRDA:23,26,0,4
BRDA:24,27,0,2
BRDA:26,28,0,0
BRDA:26,29,0,8
BRDA:22,30,0,16
BRDA:23,31,0,15
BRDA:29,32,0,3
BRDA:30,33,0,4
BRDA:30,34,0,12
BRDA:30,35,0,17
BRDA:30,36,0,4
BRDA:31,37,0,4
BRDA:32,38,0,3
BRDA:32,39,0,1
BRDA:33,40,0,3
BRDA:37,41,0,2
BRDA:37,42,0,1
BRDA:38,43,0,2
BRDA:40,44,0,0
BRDA:40,45,0,4
BRDA:44,46,0,1
BRDA:45,47,0,2
BRDA:49,48,0,2
BRDA:51,49,0,1
BRDA:51,50,0,1
BRDA:56,51,0,2
BRDA:57,52,0,2
BRDA:57,53,0,1
BRF:54
BRH:52
end_of_record
